<?xml version="1.0" encoding="UTF-8"?>
<!-- Generated by org.testng.reporters.JUnitReportReporter -->
<testsuite hostname="DESKTOP-IP5M4J5" failures="0" tests="1" name="Assessment.Amazon" time="11.495" errors="0" timestamp="2025-06-26T09:19:34 IST" skipped="0">
  <testcase classname="Assessment.Amazon" name="Locators" time="11.495"/>
</testsuite> <!-- Assessment.Amazon -->
