<?xml version="1.0" encoding="UTF-8"?>
<!-- Generated by org.testng.reporters.JUnitReportReporter -->
<testsuite hostname="DESKTOP-IP5M4J5" failures="0" tests="4" name="Assessment.OpenSource" time="12.944" errors="0" timestamp="2025-06-25T10:55:43 IST" skipped="0">
  <testcase classname="Assessment.OpenSource" name="TestOne" time="1.227"/>
  <testcase classname="Assessment.OpenSource" name="TestCaseTwoAdminPAge" time="3.370"/>
  <testcase classname="Assessment.OpenSource" name="TestCaseThree" time="3.413"/>
  <testcase classname="Assessment.OpenSource" name="TestCaseFour" time="4.934"/>
</testsuite> <!-- Assessment.OpenSource -->
