<?xml version="1.0" encoding="UTF-8"?>
<!-- Generated by org.testng.reporters.JUnitReportReporter -->
<testsuite hostname="DESKTOP-IP5M4J5" failures="0" tests="1" name="Assessment.HtmlTags" time="0.191" errors="0" timestamp="2025-06-30T16:47:48 IST" skipped="0">
  <testcase classname="Assessment.HtmlTags" name="Amounts" time="0.191"/>
</testsuite> <!-- Assessment.HtmlTags -->
