<?xml version="1.0" encoding="UTF-8"?>
<!-- Generated by org.testng.reporters.JUnitReportReporter -->
<testsuite hostname="DESKTOP-IP5M4J5" failures="0" tests="2" name="Assessment.HtmlTag" time="0.989" errors="0" timestamp="2025-06-30T16:42:04 IST" skipped="0">
  <testcase classname="Assessment.HtmlTag" name="Amount" time="0.516"/>
  <testcase classname="Assessment.HtmlTag" name="HtmlTableTag" time="0.473"/>
</testsuite> <!-- Assessment.HtmlTag -->
